srv/src/main/resources/edmx/csn.json
srv/src/main/resources/edmx/evaluationService.xml
srv/src/main/resources/edmx/evaluationService_ar.xml
srv/src/main/resources/edmx/evaluationService_cs.xml
srv/src/main/resources/edmx/evaluationService_da.xml
srv/src/main/resources/edmx/evaluationService_de.xml
srv/src/main/resources/edmx/evaluationService_en.xml
srv/src/main/resources/edmx/evaluationService_es.xml
srv/src/main/resources/edmx/evaluationService_fi.xml
srv/src/main/resources/edmx/evaluationService_fr.xml
srv/src/main/resources/edmx/evaluationService_hu.xml
srv/src/main/resources/edmx/evaluationService_it.xml
srv/src/main/resources/edmx/evaluationService_ja.xml
srv/src/main/resources/edmx/evaluationService_ko.xml
srv/src/main/resources/edmx/evaluationService_ms.xml
srv/src/main/resources/edmx/evaluationService_nl.xml
srv/src/main/resources/edmx/evaluationService_no.xml
srv/src/main/resources/edmx/evaluationService_pl.xml
srv/src/main/resources/edmx/evaluationService_pt.xml
srv/src/main/resources/edmx/evaluationService_ro.xml
srv/src/main/resources/edmx/evaluationService_ru.xml
srv/src/main/resources/edmx/evaluationService_sv.xml
srv/src/main/resources/edmx/evaluationService_th.xml
srv/src/main/resources/edmx/evaluationService_tr.xml
srv/src/main/resources/edmx/evaluationService_zh_CN.xml
srv/src/main/resources/edmx/evaluationService_zh_TW.xml